21-07-04 23:15:54.315 : model_name:ircnn_color
21-07-04 23:15:54.315 : Model path: denoisers_folder/model_zoo/ircnn_color.pth
21-07-04 23:15:54.316 : testsets/classics
21-07-04 23:15:54.316 : -------k: 1 ---------
21-07-04 23:15:57.484 : ---1--> 1_Cameraman256.png -- Scenario 1, ISNR (PSNR-InputPSNR): 10.58dB, PSNR: 32.81dB
21-07-04 23:15:57.986 : ---2--> 2_house.png -- Scenario 1, ISNR (PSNR-InputPSNR): 11.02dB, PSNR: 36.63dB
21-07-04 23:15:58.485 : ---3--> 3_peppers256.png -- Scenario 1, ISNR (PSNR-InputPSNR): 12.09dB, PSNR: 34.69dB
21-07-04 23:16:00.777 : ---4--> 4_Lena512.png -- Scenario 1, ISNR (PSNR-InputPSNR): 9.34dB, PSNR: 36.59dB
21-07-04 23:16:03.077 : ---5--> 5_barbara.png -- Scenario 1, ISNR (PSNR-InputPSNR): 9.35dB, PSNR: 32.68dB
21-07-04 23:16:05.360 : ---6--> 6_boat.png -- Scenario 1, ISNR (PSNR-InputPSNR): 8.93dB, PSNR: 33.93dB
21-07-04 23:16:07.635 : ---7--> 7_hill.png -- Scenario 1, ISNR (PSNR-InputPSNR): 7.14dB, PSNR: 33.65dB
21-07-04 23:16:09.924 : ---8--> 8_couple.png -- Scenario 1, ISNR (PSNR-InputPSNR): 9.05dB, PSNR: 33.92dB
21-07-04 23:16:09.924 : ------> Average PSNR results for set: (classics), Scenario: (1), sigma: (0.01), ISNR(PSNR-InputPSNR): 9.69dB, PSNR: 34.36 dB
21-07-04 23:16:09.924 : -------k: 2 ---------
21-07-04 23:16:10.429 : ---1--> 1_Cameraman256.png -- Scenario 2, ISNR (PSNR-InputPSNR): 8.50dB, PSNR: 30.66dB
21-07-04 23:16:10.937 : ---2--> 2_house.png -- Scenario 2, ISNR (PSNR-InputPSNR): 9.54dB, PSNR: 35.01dB
21-07-04 23:16:11.439 : ---3--> 3_peppers256.png -- Scenario 2, ISNR (PSNR-InputPSNR): 10.19dB, PSNR: 32.72dB
21-07-04 23:16:13.731 : ---4--> 4_Lena512.png -- Scenario 2, ISNR (PSNR-InputPSNR): 7.85dB, PSNR: 34.89dB
21-07-04 23:16:16.009 : ---5--> 5_barbara.png -- Scenario 2, ISNR (PSNR-InputPSNR): 6.94dB, PSNR: 30.19dB
21-07-04 23:16:18.274 : ---6--> 6_boat.png -- Scenario 2, ISNR (PSNR-InputPSNR): 7.24dB, PSNR: 32.11dB
21-07-04 23:16:20.573 : ---7--> 7_hill.png -- Scenario 2, ISNR (PSNR-InputPSNR): 5.60dB, PSNR: 31.93dB
21-07-04 23:16:22.838 : ---8--> 8_couple.png -- Scenario 2, ISNR (PSNR-InputPSNR): 7.21dB, PSNR: 31.96dB
21-07-04 23:16:22.838 : ------> Average PSNR results for set: (classics), Scenario: (2), sigma: (0.01), ISNR(PSNR-InputPSNR): 7.88dB, PSNR: 32.43 dB
21-07-04 23:16:22.839 : -------k: 3 ---------
21-07-04 23:16:23.316 : ---1--> 1_Cameraman256.png -- Scenario 3, ISNR (PSNR-InputPSNR): 11.50dB, PSNR: 32.27dB
21-07-04 23:16:23.789 : ---2--> 2_house.png -- Scenario 3, ISNR (PSNR-InputPSNR): 12.38dB, PSNR: 36.48dB
21-07-04 23:16:24.262 : ---3--> 3_peppers256.png -- Scenario 3, ISNR (PSNR-InputPSNR): 12.86dB, PSNR: 34.19dB
21-07-04 23:16:26.427 : ---4--> 4_Lena512.png -- Scenario 3, ISNR (PSNR-InputPSNR): 9.46dB, PSNR: 35.30dB
21-07-04 23:16:28.591 : ---5--> 5_barbara.png -- Scenario 3, ISNR (PSNR-InputPSNR): 7.40dB, PSNR: 29.89dB
21-07-04 23:16:30.746 : ---6--> 6_boat.png -- Scenario 3, ISNR (PSNR-InputPSNR): 9.98dB, PSNR: 33.34dB
21-07-04 23:16:32.904 : ---7--> 7_hill.png -- Scenario 3, ISNR (PSNR-InputPSNR): 7.92dB, PSNR: 32.96dB
21-07-04 23:16:35.056 : ---8--> 8_couple.png -- Scenario 3, ISNR (PSNR-InputPSNR): 10.14dB, PSNR: 33.38dB
21-07-04 23:16:35.056 : ------> Average PSNR results for set: (classics), Scenario: (3), sigma: (0.00), ISNR(PSNR-InputPSNR): 10.21dB, PSNR: 33.48 dB
21-07-04 23:16:35.056 : -------k: 4 ---------
21-07-04 23:16:35.523 : ---1--> 1_Cameraman256.png -- Scenario 4, ISNR (PSNR-InputPSNR): 5.32dB, PSNR: 29.93dB
21-07-04 23:16:35.987 : ---2--> 2_house.png -- Scenario 4, ISNR (PSNR-InputPSNR): 6.90dB, PSNR: 35.01dB
21-07-04 23:16:36.452 : ---3--> 3_peppers256.png -- Scenario 4, ISNR (PSNR-InputPSNR): 6.49dB, PSNR: 31.27dB
21-07-04 23:16:38.599 : ---4--> 4_Lena512.png -- Scenario 4, ISNR (PSNR-InputPSNR): 6.21dB, PSNR: 35.03dB
21-07-04 23:16:40.735 : ---5--> 5_barbara.png -- Scenario 4, ISNR (PSNR-InputPSNR): 3.37dB, PSNR: 27.59dB
21-07-04 23:16:42.871 : ---6--> 6_boat.png -- Scenario 4, ISNR (PSNR-InputPSNR): 4.80dB, PSNR: 31.88dB
21-07-04 23:16:45.000 : ---7--> 7_hill.png -- Scenario 4, ISNR (PSNR-InputPSNR): 4.13dB, PSNR: 31.87dB
21-07-04 23:16:47.128 : ---8--> 8_couple.png -- Scenario 4, ISNR (PSNR-InputPSNR): 4.82dB, PSNR: 31.75dB
21-07-04 23:16:47.128 : ------> Average PSNR results for set: (classics), Scenario: (4), sigma: (0.03), ISNR(PSNR-InputPSNR): 5.25dB, PSNR: 31.79 dB
